Red 0.937500000
Cream 0.062500000
Black 0.878906250
Blue 0.058593750
Chocolate 0.058593750
Lilac 0.003906250
Blue 0.937500000
Lilac 0.062500000
Chocolate 0.750000000
Lilac 0.250000000
Black 0.703125000
Blue 0.234375000
Chocolate 0.046875000
Lilac 0.015625000
Red 0.750000000
Cream 0.250000000
Black 0.410156250
Black-Red Tortie 0.410156250
Chocolate 0.058593750
Chocolate-Red Tortie 0.058593750
Blue 0.027343750
Blue-Cream Tortie 0.027343750
Lilac 0.003906250
Lilac-Cream Tortie 0.003906250
Red 0.375000000
Black-Red Tortie 0.328125000
Cream 0.125000000
Blue-Cream Tortie 0.109375000
Chocolate-Red Tortie 0.046875000
Lilac-Cream Tortie 0.015625000
Cream 1.000000000
Black 0.439453125
Red 0.234375000
Black-Red Tortie 0.219726562
Blue 0.029296875
Chocolate 0.029296875
Cream 0.015625000
Blue-Cream Tortie 0.014648438
Chocolate-Red Tortie 0.014648438
Lilac 0.001953125
Lilac-Cream Tortie 0.000976562
Black 0.351562500
Red 0.234375000
Black-Red Tortie 0.175781250
Chocolate 0.117187500
Chocolate-Red Tortie 0.058593750
Blue 0.023437500
Cream 0.015625000
Blue-Cream Tortie 0.011718750
Lilac 0.007812500
Lilac-Cream Tortie 0.003906250
Red 0.375000000
Black 0.164062500
Black-Red Tortie 0.164062500
Cream 0.125000000
Blue 0.054687500
Blue-Cream Tortie 0.054687500
Chocolate 0.023437500
Chocolate-Red Tortie 0.023437500
Lilac 0.007812500
Lilac-Cream Tortie 0.007812500
Blue 0.375000000
Cream 0.250000000
Blue-Cream Tortie 0.187500000
Lilac 0.125000000
Lilac-Cream Tortie 0.062500000
Black 0.281250000
Red 0.187500000
Black-Red Tortie 0.140625000
Blue 0.093750000
Chocolate 0.093750000
Cream 0.062500000
Blue-Cream Tortie 0.046875000
Chocolate-Red Tortie 0.046875000
Lilac 0.031250000
Lilac-Cream Tortie 0.015625000
Red 0.375000000
Cream 0.125000000
Black 0.093750000
Black-Red Tortie 0.093750000
Chocolate 0.093750000
Chocolate-Red Tortie 0.093750000
Blue 0.031250000
Blue-Cream Tortie 0.031250000
Lilac 0.031250000
Lilac-Cream Tortie 0.031250000
Black 0.281250000
Red 0.187500000
Black-Red Tortie 0.140625000
Blue 0.093750000
Chocolate 0.093750000
Cream 0.062500000
Blue-Cream Tortie 0.046875000
Chocolate-Red Tortie 0.046875000
Lilac 0.031250000
Lilac-Cream Tortie 0.015625000
